<?xml version="1.0" encoding="UTF-8"?>
<testng-results skipped="0" failed="0" total="1" passed="1">
  <reporter-output>
  </reporter-output>
  <suite name="Default suite" duration-ms="17474" started-at="2016-04-20T15:52:41Z" finished-at="2016-04-20T15:52:58Z">
    <groups>
    </groups>
    <test name="Default test" duration-ms="17474" started-at="2016-04-20T15:52:41Z" finished-at="2016-04-20T15:52:58Z">
      <class name="amazon.AmazonTest">
        <test-method status="PASS" signature="setup()[pri:0, instance:amazon.AmazonTest@27f674d]" name="setup" is-config="true" duration-ms="2985" started-at="2016-04-20T10:52:41Z" finished-at="2016-04-20T10:52:44Z">
          <reporter-output>
          </reporter-output>
        </test-method> <!-- setup -->
        <test-method status="PASS" signature="signInTest()[pri:0, instance:amazon.AmazonTest@27f674d]" name="signInTest" duration-ms="14160" started-at="2016-04-20T10:52:44Z" finished-at="2016-04-20T10:52:58Z">
          <reporter-output>
          </reporter-output>
        </test-method> <!-- signInTest -->
        <test-method status="PASS" signature="tearDown()[pri:0, instance:amazon.AmazonTest@27f674d]" name="tearDown" is-config="true" duration-ms="304" started-at="2016-04-20T10:52:58Z" finished-at="2016-04-20T10:52:58Z">
          <reporter-output>
          </reporter-output>
        </test-method> <!-- tearDown -->
      </class> <!-- amazon.AmazonTest -->
    </test> <!-- Default test -->
  </suite> <!-- Default suite -->
</testng-results>
